----------------------------------------------------------------------------------------------------
------------------------------------ MegaLinter, by OX Security ------------------------------------
----------------------------------------------------------------------------------------------------
 - Image Creation Date: 2023-12-09T21:25:38Z
 - Image Revision: 7e042c726c68415475b05a65a686c612120a1232
 - Image Version: v7.7.0
----------------------------------------------------------------------------------------------------
The MegaLinter documentation can be found at:
 - https://megalinter.io/7.7.0
----------------------------------------------------------------------------------------------------
::group::MegaLinter initialization (expand for details)
MegaLinter will analyze workspace [/github/workspace]
GITHUB_REPOSITORY: ministryofjustice/operations-engineering-runbooks
GITHUB_REF: refs/pull/164/merge
GITHUB_RUN_ID: 7251053203


[Plugins] Loaded plugin descriptor /megalinter-descriptors/linkcheck.megalinter-descriptor.yml from https://raw.githubusercontent.com/shiranr/linkcheck/v2.0.17.beta/mega-linter-plugin-linkcheck/linkcheck.megalinter-descriptor.yml
[Plugins] Successful initialization of MDLINKCHECK plugins
MARKDOWN_REMARK_LINT has been temporary disabled in MegaLinter, please use a previous MegaLinter version or wait for the next one !
Skipped linters: ANSIBLE_ANSIBLE_LINT, ARM_ARM_TTK, BASH_EXEC, BASH_SHELLCHECK, BASH_SHFMT, BICEP_BICEP_LINTER, CLOJURE_CLJSTYLE, CLOJURE_CLJ_KONDO, CLOUDFORMATION_CFN_LINT, COFFEE_COFFEELINT, COPYPASTE_JSCPD, CPP_CLANG_FORMAT, CPP_CPPLINT, CSHARP_CSHARPIER, CSHARP_DOTNET_FORMAT, CSHARP_ROSLYNATOR, CSS_SCSS_LINT, CSS_STYLELINT, C_CLANG_FORMAT, C_CPPLINT, DART_DARTANALYZER, DOCKERFILE_HADOLINT, EDITORCONFIG_EDITORCONFIG_CHECKER, ENV_DOTENV_LINTER, GHERKIN_GHERKIN_LINT, GO_GOLANGCI_LINT, GO_REVIVE, GRAPHQL_GRAPHQL_SCHEMA_LINTER, GROOVY_NPM_GROOVY_LINT, HTML_DJLINT, HTML_HTMLHINT, JAVASCRIPT_ES, JAVASCRIPT_PRETTIER, JAVASCRIPT_STANDARD, JAVA_CHECKSTYLE, JAVA_PMD, JSON_ESLINT_PLUGIN_JSONC, JSON_JSONLINT, JSON_NPM_PACKAGE_JSON_LINT, JSON_PRETTIER, JSON_V8R, JSX_ESLINT, KOTLIN_KTLINT, KUBERNETES_HELM, KUBERNETES_KUBECONFORM, KUBERNETES_KUBESCAPE, LATEX_CHKTEX, LUA_LUACHECK, MAKEFILE_CHECKMAKE, MARKDOWN_MARKDOWN_LINK_CHECK, MARKDOWN_REMARK_LINT, MDLINKCHECK_LINKCHECK, OPENAPI_SPECTRAL, PERL_PERLCRITIC, PHP_PHPCS, PHP_PHPLINT, PHP_PHPSTAN, PHP_PSALM, POWERSHELL_POWERSHELL, POWERSHELL_POWERSHELL_FORMATTER, PROTOBUF_PROTOLINT, PUPPET_PUPPET_LINT, PYTHON_BANDIT, PYTHON_BLACK, PYTHON_FLAKE8, PYTHON_MYPY, PYTHON_PYRIGHT, PYTHON_RUFF, RAKU_RAKU, REPOSITORY_CHECKOV, REPOSITORY_DEVSKIM, REPOSITORY_DUSTILOCK, REPOSITORY_GITLEAKS, REPOSITORY_GIT_DIFF, REPOSITORY_GRYPE, REPOSITORY_KICS, REPOSITORY_SECRETLINT, REPOSITORY_SEMGREP, REPOSITORY_SYFT, REPOSITORY_TRIVY, REPOSITORY_TRIVY_SBOM, REPOSITORY_TRUFFLEHOG, RST_RSTCHECK, RST_RSTFMT, RST_RST_LINT, RUBY_RUBOCOP, RUST_CLIPPY, R_LINTR, SALESFORCE_LIGHTNING_FLOW_SCANNER, SALESFORCE_SFDX_SCANNER_APEX, SALESFORCE_SFDX_SCANNER_AURA, SALESFORCE_SFDX_SCANNER_LWC, SCALA_SCALAFIX, SNAKEMAKE_LINT, SNAKEMAKE_SNAKEFMT, SPELL_LYCHEE, SPELL_PROSELINT, SPELL_VALE, SQL_SQLFLUFF, SQL_SQL_LINT, SQL_TSQLLINT, SWIFT_SWIFTLINT, TEKTON_TEKTON_LINT, TERRAFORM_TERRAFORM_FMT, TERRAFORM_TERRAGRUNT, TERRAFORM_TERRASCAN, TERRAFORM_TFLINT, TSX_ESLINT, TYPESCRIPT_ES, TYPESCRIPT_PRETTIER, TYPESCRIPT_STANDARD, VBDOTNET_DOTNET_FORMAT, XML_XMLLINT, YAML_V8R
To receive reports as email, please set variable EMAIL_REPORTER_EMAIL
::endgroup::
::group::MegaLinter now collects the files to analyse (expand for details)
Listing updated files in [/github/workspace] using git diff.
Modified files:
source/documentation/adrs/adr-017.html.erb.md
source/index.html.md.erb
- File extensions: .erb, .html.md.erb, .md, .py, .yaml, .yml
- Excluding .gitignored files [0]: 
Kept [2] files on [2] found files

+----MATCHING LINTERS-------------------+-----------------------+----------------+------------+
| Descriptor | Linter                   | Criteria              | Matching files | Format/Fix |
+------------+--------------------------+-----------------------+----------------+------------+
| MARKDOWN   | markdownlint             | .md|.erb|.html.md.erb | 2              | yes        |
| MARKDOWN   | markdown-table-formatter | .md                   | 1              | yes        |
| SPELL      | cspell                   |                       | 2              | no         |
+------------+--------------------------+-----------------------+----------------+------------+
::endgroup::
Processing linters on [4] parallel cores…
[GitHub Status Reporter] Error posting Status for MARKDOWNwith markdownlint: 403
GitHub API response: {"message":"Resource not accessible by integration","documentation_url":"https://docs.github.com/rest/commits/statuses#create-a-commit-status"}
::group::[33m✅ Linted [MARKDOWN] files with [markdownlint]: Found 7 non blocking error(s) - (0.56s)[0m (expand for details)
- Using [markdownlint v0.38.0] https://megalinter.io/7.7.0/descriptors/markdown_markdownlint
- MegaLinter key: [MARKDOWN_MARKDOWNLINT]
- Rules config: [.markdownlint.json]
- Number of files analyzed: [2]
--Error detail:
source/documentation/adrs/adr-017.html.erb.md:8 MD025/single-title/single-h1 Multiple top-level headings in the same document [Context: "# ADR-017: Revert decision to ..."]
source/documentation/adrs/adr-017.html.erb.md:29:401 MD013/line-length Line length [Expected: 400; Actual: 599]
source/documentation/adrs/adr-017.html.erb.md:37:401 MD013/line-length Line length [Expected: 400; Actual: 425]
source/index.html.md.erb:8 MD025/single-title/single-h1 Multiple top-level headings in the same document [Context: "# MoJ Operations Engineering R..."]
source/index.html.md.erb:13 MD025/single-title/single-h1 Multiple top-level headings in the same document [Context: "# Services"]
source/index.html.md.erb:103 MD025/single-title/single-h1 Multiple top-level headings in the same document [Context: "# Internal"]
source/index.html.md.erb:135 MD025/single-title/single-h1 Multiple top-level headings in the same document [Context: "# Architecture Decision Record..."]

::endgroup::
[GitHub Status Reporter] Error posting Status for MARKDOWNwith markdown-table-formatter: 403
GitHub API response: {"message":"Resource not accessible by integration","documentation_url":"https://docs.github.com/rest/commits/statuses#create-a-commit-status"}
::group::[32m✅ Linted [MARKDOWN] files with [markdown-table-formatter] successfully - (0.27s)[0m (expand for details)
- Using [markdown-table-formatter v1.5.0] https://megalinter.io/7.7.0/descriptors/markdown_markdown_table_formatter
- MegaLinter key: [MARKDOWN_MARKDOWN_TABLE_FORMATTER]
- Rules config: identified by [markdown-table-formatter]
- Number of files analyzed: [1]
::endgroup::
[GitHub Status Reporter] Error posting Status for SPELLwith cspell: 403
GitHub API response: {"message":"Resource not accessible by integration","documentation_url":"https://docs.github.com/rest/commits/statuses#create-a-commit-status"}
::group::[33m✅ Linted [SPELL] files with [cspell]: Found 41 non blocking error(s) - (2.22s)[0m (expand for details)
- Using [cspell v8.1.3] https://megalinter.io/7.7.0/descriptors/spell_cspell
- MegaLinter key: [SPELL_CSPELL]
- Rules config: identified by [cspell]
- Number of files analyzed: [3]
--Error detail:
1/3 ./f4517c48-2460-4639-9c99-d8274ab5789d-megalinter_file_names_cspell.txt 396.27ms X
./f4517c48-2460-4639-9c99-d8274ab5789d-megalinter_file_names_cspell.txt:1:22      - Unknown word (adrs)       -- source documentation adrs adr 017 html erb
	 Suggestions: [ards, Ards, ad's, adas, adds]
2/3 ./source/documentation/adrs/adr-017.html.erb.md 333.15ms X
./source/documentation/adrs/adr-017.html.erb.md:20:25     - Unknown word (organisational) -- Better alignment with organisational best practices
	 Suggestions: [organizational, organization, organizations, organization's, organizationally]
./source/documentation/adrs/adr-017.html.erb.md:29:184    - Unknown word (reponsible)     -- positories. Service Teams are reponsible for managing access
	 Suggestions: [responsible*, responsibly, reconcile, reportable, responsive]
./source/documentation/adrs/adr-017.html.erb.md:29:452    - Unknown word (inadvertantly)  -- Operations Engineering has inadvertantly taken that responsibly
	 Suggestions: [inadvertently*, inadvertent, inadvertency]
./source/documentation/adrs/adr-017.html.erb.md:33:5      - Unknown word (Standardisation) -- * **Standardisation has enabled more automation
	 Suggestions: [Standardization, Standardizations, Standardization's]
./source/documentation/adrs/adr-017.html.erb.md:35:24     - Unknown word (organisation)    -- *Perpetuated a flat organisation** - Creation of default
	 Suggestions: [organization, organizations, romanization, organization's, organizational]
./source/documentation/adrs/adr-017.html.erb.md:35:94     - Unknown word (organisation)    -- led to an even flatter organisation, making it impossible
	 Suggestions: [organization, organizations, romanization, organization's, organizational]
./source/documentation/adrs/adr-017.html.erb.md:35:170    - Unknown word (Organisation)    -- meaningful view of the MoJ Organisation.
	 Suggestions: [Organization, Organizations, Romanization, Organization's, Organizational]
./source/documentation/adrs/adr-017.html.erb.md:37:130    - Unknown word (premissions)     -- resulted in users having premissions problems with access
	 Suggestions: [permissions, remissions, permission, permission's, precisions]
./source/documentation/adrs/adr-017.html.erb.md:46:17     - Unknown word (soley)           -- * Users will be soley responsible for manageing
	 Suggestions: [solely*, sole, soled, soles, sooey]
./source/documentation/adrs/adr-017.html.erb.md:46:39     - Unknown word (manageing)       -- soley responsible for manageing access to repositories
	 Suggestions: [managing, mangling, manacling, manganin, Manganin]
3/3 ./source/index.html.md.erb 384.66ms X
./source/index.html.md.erb:3:35      - Unknown word (Runbooks)   -- Operations Engineering Runbooks
	 Suggestions: [Unhooks, Sunbows, Rebook, Reboots, Rubious]
./source/index.html.md.erb:8:30      - Unknown word (Runbooks)   -- Operations Engineering Runbooks
	 Suggestions: [Unhooks, Sunbows, Rebook, Reboots, Rubious]
./source/index.html.md.erb:10:7      - Unknown word (runbooks)   -- These runbooks are designed to provide
	 Suggestions: [unhooks, rebook, reboots, rubious, runback]
./source/index.html.md.erb:17:15     - Unknown word (runbook)    -- Refer to this runbook for a list of services
	 Suggestions: [rebook, runback, unhook, reebok, rhebok]
./source/index.html.md.erb:20:71     - Unknown word (dont)       -- documentation/services/we-dont-do-that.html)
	 Suggestions: [dent, dint, doit, dolt, dona]
./source/index.html.md.erb:34:8      - Unknown word (OIDC)       -- * [Add OIDC between AWS and GitHub
	 Suggestions: [ODIC, ODIN, ODIS, oecd, OECD]
./source/index.html.md.erb:34:68     - Unknown word (oidc)       -- ocumentation/services/aws/add-oidc-aws-gh.html)
	 Suggestions: [odic, odin, odis, oecd, iodic]
./source/index.html.md.erb:56:30     - Unknown word (cutovers)   -- Supporting migrations/DNS cutovers](documentation/dns/dns
	 Suggestions: [covers, clovers, culvers, cutlers, cutters]
./source/index.html.md.erb:56:62     - Unknown word (cutovers)   -- documentation/dns/dns-cutovers.html)
	 Suggestions: [covers, clovers, culvers, cutlers, cutters]
./source/index.html.md.erb:61:15     - Unknown word (Nameserver) -- * [Changes to Nameserver Records involving GDS
	 Suggestions: [Nameservers]
./source/index.html.md.erb:79:59     - Unknown word (osdatahub)  -- documentation/services/osdatahub/api-key-management.html
	 Suggestions: []
./source/index.html.md.erb:83:75     - Unknown word (pagerduty)  -- documentation/services/pagerduty/add-slack-channel.html
	 Suggestions: [paternity]
./source/index.html.md.erb:91:65     - Unknown word (sentryio)   -- documentation/services/sentryio/sentry-internal-integrations
	 Suggestions: [sentry, sentry's, sentrying, senti, senary]
./source/index.html.md.erb:92:76     - Unknown word (sentryio)   -- documentation/services/sentryio/disable-sentry-errors
	 Suggestions: [sentry, sentry's, sentrying, senti, senary]
./source/index.html.md.erb:93:59     - Unknown word (sentryio)   -- documentation/services/sentryio/respond-to-sentry-usage
	 Suggestions: [sentry, sentry's, sentrying, senti, senary]
./source/index.html.md.erb:97:73     - Unknown word (sonarcloud) -- documentation/services/sonarcloud/add-repo-to-sonarcloud
	 Suggestions: []
./source/index.html.md.erb:97:96     - Unknown word (sonarcloud) -- sonarcloud/add-repo-to-sonarcloud.html)
	 Suggestions: []
./source/index.html.md.erb:119:8     - Unknown word (Organisation) -- ## MoJ Organisation Leavers
	 Suggestions: [Organization, Organizations, Romanization, Organization's, Organizational]
./source/index.html.md.erb:125:10    - Unknown word (Runbook)      -- * [Add a Runbook](documentation/internal
	 Suggestions: [Rebook, Runback, Unhook, reebok, Reebok]
./source/index.html.md.erb:125:48    - Unknown word (runbook)      -- documentation/internal/add-a-runbook.html)
	 Suggestions: [rebook, runback, unhook, reebok, rhebok]
./source/index.html.md.erb:130:16    - Unknown word (Practise)     -- * [Python Best Practise](documentation/internal
	 Suggestions: [Practice, Practices, Praise, Precise, Practiced]
./source/index.html.md.erb:130:61    - Unknown word (practise)     -- internal/python-best-practise.html)
	 Suggestions: [practice, practices, praise, precise, practiced]
./source/index.html.md.erb:132:25    - Unknown word (Proceses)     -- Post-Incident Review Proceses](documentation/internal
	 Suggestions: [Process, Processes, Processed, Proses, Precess]
./source/index.html.md.erb:132:79    - Unknown word (proceses)     -- post-incident-review-proceses.html)
	 Suggestions: [process, processes, processed, proses, precess]
./source/index.html.md.erb:143:68    - Unknown word (adrs)         -- Decisions](documentation/adrs/adr-000.html)
	 Suggestions: [ards, Ards, ad's, adas, adds]
./source/index.html.md.erb:144:54    - Unknown word (adrs)         -- Failover](documentation/adrs/adr-001.html)
	 Suggestions: [ards, Ards, ad's, adas, adds]
./source/index.html.md.erb:145:62    - Unknown word (adrs)         -- Protection](documentation/adrs/adr-002.html)
	 Suggestions: [ards, Ards, ad's, adas, adds]
./source/index.html.md.erb:146:51    - Unknown word (adrs)         -- Failover](documentation/adrs/adr-003.html)
	 Suggestions: [ards, Ards, ad's, adas, adds]
./source/index.html.md.erb:147:49    - Unknown word (adrs)         -- Docker SSO](documentation/adrs/adr-004.html)
	 Suggestions: [ards, Ards, ad's, adas, adds]
./source/index.html.md.erb:150:23    - Unknown word (Decomission)  -- ✅ | ADR-007 | [Decomission Developer Portal](documentati
	 Suggestions: [Decommission, Demission, Decommissions, Decision, Decompression]
CSpell: Files checked: 3, Issues found: 41 in 3 files

::endgroup::
[GitHub Comment Reporter] Posted summary as comment on ministryofjustice/operations-engineering-runbooks #PR164
[Updated Sources Reporter] copied 2 fixed source files in folder /github/workspace/megalinter-reports/updated_sources.
Download it from artifacts then copy-paste it in your local repo to apply linters updates

+----SUMMARY--+--------------------------+---------------+-------+-------+--------+--------------+
| Descriptor  | Linter                   | Mode          | Files | Fixed | Errors | Elapsed time |
+-------------+--------------------------+---------------+-------+-------+--------+--------------+
| ⚠️ MARKDOWN | markdownlint             | list_of_files |     2 |     2 |      7 |        0.56s |
| ✅ MARKDOWN | markdown-table-formatter | list_of_files |     1 |     1 |      0 |        0.27s |
| ⚠️ SPELL    | cspell                   | list_of_files |     3 |       |     41 |        2.22s |
+-------------+--------------------------+---------------+-------+-------+--------+--------------+

[33m⚠️ Successfully linted all files, but with ignored errors[0m
